\BOOKMARK [0][-]{chapter.1}{Abstract\040and\040Summary}{}% 1
\BOOKMARK [1][-]{section.1.1}{Acknowledgements}{chapter.1}% 2
\BOOKMARK [1][-]{section.1.2}{Summary}{chapter.1}% 3
\BOOKMARK [1][-]{section.1.3}{How\040to\040read\040this\040blueprint}{chapter.1}% 4
\BOOKMARK [2][-]{subsection.1.3.1}{Navigating\040the\040blueprint}{section.1.3}% 5
\BOOKMARK [2][-]{subsection.1.3.2}{Note\040on\040remarks}{section.1.3}% 6
\BOOKMARK [2][-]{subsection.1.3.3}{Distinguishing\040my\040work\040from\040Christopher\040Butler's\040work}{section.1.3}% 7
\BOOKMARK [1][-]{section.1.4}{Christopher\040Butler's\040acknowledgements\040and\040popular\040science\040summary}{chapter.1}% 8
\BOOKMARK [2][-]{subsection.1.4.1}{Christopher\040Butler's\040Abstract\040}{section.1.4}% 9
\BOOKMARK [2][-]{subsection.1.4.2}{Acknowledgements\040from\040Christopher\040Butler}{section.1.4}% 10
\BOOKMARK [2][-]{subsection.1.4.3}{Christopher\040Butler's\040popular\040science\040summary}{section.1.4}% 11
\BOOKMARK [0][-]{chapter.2}{Introduction}{}% 12
\BOOKMARK [1][-]{section.2.1}{What\040is\040the\040formalisation\040of\040mathematics?}{chapter.2}% 13
\BOOKMARK [1][-]{section.2.2}{Fermat's\040Last\040Theorem}{chapter.2}% 14
\BOOKMARK [1][-]{section.2.3}{Formalising\040Fermat's\040Last\040Theorem}{chapter.2}% 15
\BOOKMARK [1][-]{section.2.4}{\376\377\000C\000l\000a\000s\000s\000i\000f\000i\000c\000a\000t\000i\000o\000n\000\040\000o\000f\000\040\000f\000i\000n\000i\000t\000e\000\040\000s\000u\000b\000g\000r\000o\000u\000p\000s\000\040\000o\000f\000\040\000t\000h\000e\000\040\000`\0003\003\001\0009\000`\0004\0002\000`\000"\003\007\0006\0001\0003\000A\000`\000`\0004\0005\000`\0004\0007\000`\000"\0006\0000\0003\000A\000P\000G\000L\0002\000\050\000F\000p\000\051\000\040\000w\000i\000t\000h\000i\000n\000\040\000F\000e\000r\000m\000a\000t\000'\000s\000\040\000L\000a\000s\000t\000\040\000T\000h\000e\000o\000r\000e\000m}{chapter.2}% 16
\BOOKMARK [1][-]{section.2.5}{Overview\040and\040reduction\040to\040the\040classification\040problem}{chapter.2}% 17
\BOOKMARK [0][-]{chapter.3}{Preliminaries}{}% 18
\BOOKMARK [1][-]{section.3.1}{Some\040Elementary\040Theorems}{chapter.3}% 19
\BOOKMARK [1][-]{section.3.2}{Sylow\040Theory}{chapter.3}% 20
\BOOKMARK [1][-]{section.3.3}{Group\040Action}{chapter.3}% 21
\BOOKMARK [1][-]{section.3.4}{Conjugation}{chapter.3}% 22
\BOOKMARK [1][-]{section.3.5}{Automorphism}{chapter.3}% 23
\BOOKMARK [1][-]{section.3.6}{Direct\040Product}{chapter.3}% 24
\BOOKMARK [0][-]{chapter.4}{\376\377\000R\000e\000d\000u\000c\000t\000i\000o\000n\000\040\000o\000f\000\040\000c\000l\000a\000s\000s\000i\000f\000i\000c\000a\000t\000i\000o\000n\000\040\000o\000f\000\040\000f\000i\000n\000i\000t\000e\000\040\000s\000u\000b\000g\000r\000o\000u\000p\000s\000\040\000o\000f\000\040\000`\0003\003\001\0009\000`\0004\0002\000`\000"\003\007\0006\0001\0003\000A\000`\000`\0004\0005\000`\0004\0007\000`\000"\0006\0000\0003\000A\000P\000G\000L\0002\000\050\000F\000p\000\051\000\040\000t\000o\000\040\000c\000l\000a\000s\000s\000i\000f\000i\000c\000a\000t\000i\000o\000n\000\040\000o\000f\000\040\000f\000i\000n\000i\000t\000e\000\040\000s\000u\000b\000g\000r\000o\000u\000p\000s\000\040\000o\000f\000\040\000`\0003\003\001\0009\000`\0004\0002\000`\000"\003\007\0006\0001\0003\000A\000`\000`\0004\0005\000`\0004\0007\000`\000"\0006\0000\0003\000A\000P\000S\000L\0002\000\050\000F\000p\000\051}{}% 25
\BOOKMARK [1][-]{section.4.1}{\376\377\000O\000v\000e\000r\000\040\000a\000n\000\040\000a\000l\000g\000e\000b\000r\000a\000i\000c\000a\000l\000l\000y\000\040\000c\000l\000o\000s\000e\000d\000\040\000f\000i\000e\000l\000d\000\040\000`\0003\003\001\0009\000`\0004\0002\000`\000"\003\007\0006\0001\0003\000A\000`\000`\0004\0005\000`\0004\0007\000`\000"\0006\0000\0003\000A\000P\000S\000L\000n\000\050\000F\000\051\000\040\000i\000s\000\040\000i\000s\000o\000m\000o\000r\000p\000h\000i\000c\000\040\000t\000o\000\040\000t\000h\000e\000\040\000p\000r\000o\000j\000e\000c\000t\000i\000v\000e\000\040\000`\0003\003\001\0009\000`\0004\0002\000`\000"\003\007\0006\0001\0003\000A\000`\000`\0004\0005\000`\0004\0007\000`\000"\0006\0000\0003\000A\000P\000G\000L\000n\000\050\000F\000\051}{chapter.4}% 26
\BOOKMARK [1][-]{section.4.2}{Christopher\040Butler's\040exposition}{chapter.4}% 27
\BOOKMARK [0][-]{chapter.5}{\376\377\000P\000r\000o\000p\000e\000r\000t\000i\000e\000s\000\040\000o\000f\000\040\000t\000h\000e\000\040\000t\000w\000o\000\040\000d\000i\000m\000e\000n\000s\000i\000o\000n\000a\000l\000\040\000`\0003\003\001\0009\000`\0004\0002\000`\000"\003\007\0006\0001\0003\000A\000`\000`\0004\0005\000`\0004\0007\000`\000"\0006\0000\0003\000A\000S\000L\0002\000\050\000F\000\051}{}% 28
\BOOKMARK [1][-]{section.5.1}{General\040Notation}{chapter.5}% 29
\BOOKMARK [1][-]{section.5.2}{\376\377\000S\000u\000b\000s\000e\000t\000s\000\040\000o\000f\000\040\000`\0003\003\001\0009\000`\0004\0002\000`\000"\003\007\0006\0001\0003\000A\000`\000`\0004\0005\000`\0004\0007\000`\000"\0006\0000\0003\000A\000S\000L\0002\000\050\000F\000\051}{chapter.5}% 30
