\BOOKMARK [0][-]{chapter.1}{\376\377\000A\000b\000s\000t\000r\000a\000c\000t\000\040\000a\000n\000d\000\040\000S\000u\000m\000m\000a\000r\000y}{}% 1
\BOOKMARK [1][-]{section.1.1}{\376\377\000A\000c\000k\000n\000o\000w\000l\000e\000d\000g\000e\000m\000e\000n\000t\000s}{chapter.1}% 2
\BOOKMARK [1][-]{section.1.2}{\376\377\000S\000u\000m\000m\000a\000r\000y}{chapter.1}% 3
\BOOKMARK [1][-]{section.1.3}{\376\377\000H\000o\000w\000\040\000t\000o\000\040\000r\000e\000a\000d\000\040\000t\000h\000i\000s\000\040\000b\000l\000u\000e\000p\000r\000i\000n\000t}{chapter.1}% 4
\BOOKMARK [2][-]{subsection.1.3.1}{\376\377\000N\000a\000v\000i\000g\000a\000t\000i\000n\000g\000\040\000t\000h\000e\000\040\000b\000l\000u\000e\000p\000r\000i\000n\000t}{section.1.3}% 5
\BOOKMARK [2][-]{subsection.1.3.2}{\376\377\000N\000o\000t\000e\000\040\000o\000n\000\040\000r\000e\000m\000a\000r\000k\000s}{section.1.3}% 6
\BOOKMARK [2][-]{subsection.1.3.3}{\376\377\000D\000i\000s\000t\000i\000n\000g\000u\000i\000s\000h\000i\000n\000g\000\040\000m\000y\000\040\000w\000o\000r\000k\000\040\000f\000r\000o\000m\000\040\000C\000h\000r\000i\000s\000t\000o\000p\000h\000e\000r\000\040\000B\000u\000t\000l\000e\000r\000'\000s\000\040\000w\000o\000r\000k}{section.1.3}% 7
\BOOKMARK [1][-]{section.1.4}{\376\377\000C\000h\000r\000i\000s\000t\000o\000p\000h\000e\000r\000\040\000B\000u\000t\000l\000e\000r\000'\000s\000\040\000a\000c\000k\000n\000o\000w\000l\000e\000d\000g\000e\000m\000e\000n\000t\000s\000\040\000a\000n\000d\000\040\000p\000o\000p\000u\000l\000a\000r\000\040\000s\000c\000i\000e\000n\000c\000e\000\040\000s\000u\000m\000m\000a\000r\000y}{chapter.1}% 8
\BOOKMARK [2][-]{subsection.1.4.1}{\376\377\000C\000h\000r\000i\000s\000t\000o\000p\000h\000e\000r\000\040\000B\000u\000t\000l\000e\000r\000'\000s\000\040\000A\000b\000s\000t\000r\000a\000c\000t\000\040}{section.1.4}% 9
\BOOKMARK [2][-]{subsection.1.4.2}{\376\377\000A\000c\000k\000n\000o\000w\000l\000e\000d\000g\000e\000m\000e\000n\000t\000s\000\040\000f\000r\000o\000m\000\040\000C\000h\000r\000i\000s\000t\000o\000p\000h\000e\000r\000\040\000B\000u\000t\000l\000e\000r}{section.1.4}% 10
\BOOKMARK [2][-]{subsection.1.4.3}{\376\377\000C\000h\000r\000i\000s\000t\000o\000p\000h\000e\000r\000\040\000B\000u\000t\000l\000e\000r\000'\000s\000\040\000p\000o\000p\000u\000l\000a\000r\000\040\000s\000c\000i\000e\000n\000c\000e\000\040\000s\000u\000m\000m\000a\000r\000y}{section.1.4}% 11
\BOOKMARK [0][-]{chapter.2}{\376\377\000I\000n\000t\000r\000o\000d\000u\000c\000t\000i\000o\000n}{}% 12
\BOOKMARK [1][-]{section.2.1}{\376\377\000W\000h\000a\000t\000\040\000i\000s\000\040\000t\000h\000e\000\040\000f\000o\000r\000m\000a\000l\000i\000s\000a\000t\000i\000o\000n\000\040\000o\000f\000\040\000m\000a\000t\000h\000e\000m\000a\000t\000i\000c\000s\000?}{chapter.2}% 13
\BOOKMARK [1][-]{section.2.2}{\376\377\000F\000e\000r\000m\000a\000t\000'\000s\000\040\000L\000a\000s\000t\000\040\000T\000h\000e\000o\000r\000e\000m}{chapter.2}% 14
\BOOKMARK [1][-]{section.2.3}{\376\377\000F\000o\000r\000m\000a\000l\000i\000z\000i\000n\000g\000\040\000F\000e\000r\000m\000a\000t\000'\000s\000\040\000L\000a\000s\000t\000\040\000T\000h\000e\000o\000r\000e\000m}{chapter.2}% 15
\BOOKMARK [1][-]{section.2.4}{\376\377\000C\000l\000a\000s\000s\000i\000f\000i\000c\000a\000t\000i\000o\000n\000\040\000o\000f\000\040\000f\000i\000n\000i\000t\000e\000\040\000s\000u\000b\000g\000r\000o\000u\000p\000s\000\040\000o\000f\000\040\000t\000h\000e\000\040\000`\0003\003\001\0009\000`\0004\0002\000`\000"\003\007\0006\0001\0003\000A\000`\000`\0004\0005\000`\0004\0007\000`\000"\0006\0000\0003\000A\000P\000G\000L\0002\000\050\000p\000\051\000\040\000w\000i\000t\000h\000i\000n\000\040\000F\000e\000r\000m\000a\000t\000'\000s\000\040\000L\000a\000s\000t\000\040\000T\000h\000e\000o\000r\000e\000m}{chapter.2}% 16
\BOOKMARK [1][-]{section.2.5}{\376\377\000O\000v\000e\000r\000v\000i\000e\000w\000\040\000a\000n\000d\000\040\000r\000e\000d\000u\000c\000t\000i\000o\000n\000\040\000t\000o\000\040\000t\000h\000e\000\040\000c\000l\000a\000s\000s\000i\000f\000i\000c\000a\000t\000i\000o\000n\000\040\000p\000r\000o\000b\000l\000e\000m}{chapter.2}% 17
\BOOKMARK [0][-]{chapter.3}{\376\377\000P\000r\000e\000l\000i\000m\000i\000n\000a\000r\000i\000e\000s}{}% 18
\BOOKMARK [1][-]{section.3.1}{\376\377\000S\000o\000m\000e\000\040\000E\000l\000e\000m\000e\000n\000t\000a\000r\000y\000\040\000T\000h\000e\000o\000r\000e\000m\000s}{chapter.3}% 19
\BOOKMARK [1][-]{section.3.2}{\376\377\000S\000y\000l\000o\000w\000\040\000T\000h\000e\000o\000r\000y}{chapter.3}% 20
\BOOKMARK [1][-]{section.3.3}{\376\377\000G\000r\000o\000u\000p\000\040\000A\000c\000t\000i\000o\000n}{chapter.3}% 21
\BOOKMARK [1][-]{section.3.4}{\376\377\000C\000o\000n\000j\000u\000g\000a\000t\000i\000o\000n}{chapter.3}% 22
\BOOKMARK [1][-]{section.3.5}{\376\377\000A\000u\000t\000o\000m\000o\000r\000p\000h\000i\000s\000m}{chapter.3}% 23
\BOOKMARK [1][-]{section.3.6}{\376\377\000D\000i\000r\000e\000c\000t\000\040\000P\000r\000o\000d\000u\000c\000t}{chapter.3}% 24
\BOOKMARK [0][-]{chapter.4}{\376\377\000R\000e\000d\000u\000c\000t\000i\000o\000n\000\040\000o\000f\000\040\000c\000l\000a\000s\000s\000i\000f\000i\000c\000a\000t\000i\000o\000n\000\040\000o\000f\000\040\000f\000i\000n\000i\000t\000e\000\040\000s\000u\000b\000g\000r\000o\000u\000p\000s\000\040\000o\000f\000\040\000`\0003\003\001\0009\000`\0004\0002\000`\000"\003\007\0006\0001\0003\000A\000`\000`\0004\0005\000`\0004\0007\000`\000"\0006\0000\0003\000A\000P\000G\000L\0002\000\050\000p\000\051\000\040\000t\000o\000\040\000c\000l\000a\000s\000s\000i\000f\000i\000c\000a\000t\000i\000o\000n\000\040\000o\000f\000\040\000f\000i\000n\000i\000t\000e\000\040\000s\000u\000b\000g\000r\000o\000u\000p\000s\000\040\000o\000f\000\040\000`\0003\003\001\0009\000`\0004\0002\000`\000"\003\007\0006\0001\0003\000A\000`\000`\0004\0005\000`\0004\0007\000`\000"\0006\0000\0003\000A\000P\000S\000L\0002\000\050\000p\000\051}{}% 25
\BOOKMARK [1][-]{section.4.1}{\376\377\000O\000v\000e\000r\000\040\000a\000n\000\040\000a\000l\000g\000e\000b\000r\000a\000i\000c\000a\000l\000l\000y\000\040\000c\000l\000o\000s\000e\000d\000\040\000f\000i\000e\000l\000d\000\040\000`\0003\003\001\0009\000`\0004\0002\000`\000"\003\007\0006\0001\0003\000A\000`\000`\0004\0005\000`\0004\0007\000`\000"\0006\0000\0003\000A\000P\000S\000L\000n\000\050\000F\000\051\000\040\000i\000s\000\040\000i\000s\000o\000m\000o\000r\000p\000h\000i\000c\000\040\000t\000o\000\040\000t\000h\000e\000\040\000p\000r\000o\000j\000e\000c\000t\000i\000v\000e\000\040\000`\0003\003\001\0009\000`\0004\0002\000`\000"\003\007\0006\0001\0003\000A\000`\000`\0004\0005\000`\0004\0007\000`\000"\0006\0000\0003\000A\000P\000G\000L\000n\000\050\000F\000\051}{chapter.4}% 26
\BOOKMARK [1][-]{section.4.2}{\376\377\000C\000h\000r\000i\000s\000t\000o\000p\000h\000e\000r\000\040\000B\000u\000t\000l\000e\000r\000'\000s\000\040\000e\000x\000p\000o\000s\000i\000t\000i\000o\000n}{chapter.4}% 27
\BOOKMARK [0][-]{chapter.5}{\376\377\000P\000r\000o\000p\000e\000r\000t\000i\000e\000s\000\040\000o\000f\000\040\000t\000h\000e\000\040\000t\000w\000o\000\040\000d\000i\000m\000e\000n\000s\000i\000o\000n\000a\000l\000\040\000`\0003\003\001\0009\000`\0004\0002\000`\000"\003\007\0006\0001\0003\000A\000`\000`\0004\0005\000`\0004\0007\000`\000"\0006\0000\0003\000A\000S\000L\0002\000\050\000F\000\051}{}% 28
\BOOKMARK [1][-]{section.5.1}{\376\377\000G\000e\000n\000e\000r\000a\000l\000\040\000N\000o\000t\000a\000t\000i\000o\000n}{chapter.5}% 29
\BOOKMARK [1][-]{section.5.2}{\376\377\000S\000u\000b\000s\000e\000t\000s\000\040\000o\000f\000\040\000`\0003\003\001\0009\000`\0004\0002\000`\000"\003\007\0006\0001\0003\000A\000`\000`\0004\0005\000`\0004\0007\000`\000"\0006\0000\0003\000A\000S\000L\0002\000\050\000F\000\051}{chapter.5}% 30
\BOOKMARK [1][-]{section.5.3}{\376\377\000T\000h\000e\000\040\000C\000e\000n\000t\000e\000r\000\040\000o\000f\000\040\000`\0003\003\001\0009\000`\0004\0002\000`\000"\003\007\0006\0001\0003\000A\000`\000`\0004\0005\000`\0004\0007\000`\000"\0006\0000\0003\000A\000S\000L\0002\000\050\000F\000\051}{chapter.5}% 31
\BOOKMARK [1][-]{section.5.4}{\376\377\000C\000o\000n\000j\000u\000g\000a\000c\000y\000\040\000o\000f\000\040\000t\000h\000e\000\040\000E\000l\000e\000m\000e\000n\000t\000s\000\040\000o\000f\000\040\000`\0003\003\001\0009\000`\0004\0002\000`\000"\003\007\0006\0001\0003\000A\000`\000`\0004\0005\000`\0004\0007\000`\000"\0006\0000\0003\000A\000S\000L\0002\000\050\000F\000\051}{chapter.5}% 32
\BOOKMARK [1][-]{section.5.5}{\376\377\000C\000e\000n\000t\000r\000a\000l\000i\000z\000e\000r\000s\000\040\000\046\000\040\000N\000o\000r\000m\000a\000l\000i\000z\000e\000r\000s}{chapter.5}% 33
\BOOKMARK [1][-]{section.5.6}{\376\377\000T\000h\000e\000\040\000P\000r\000o\000j\000e\000c\000t\000i\000v\000e\000\040\000L\000i\000n\000e\000\040\000\046\000\040\000T\000r\000i\000p\000l\000e\000\040\000T\000r\000a\000n\000s\000i\000t\000i\000v\000i\000t\000y}{chapter.5}% 34
\BOOKMARK [0][-]{chapter.6}{\376\377\000T\000h\000e\000\040\000M\000a\000x\000i\000m\000a\000l\000\040\000A\000b\000e\000l\000i\000a\000n\000\040\000S\000u\000b\000g\000r\000o\000u\000p\000\040\000C\000l\000a\000s\000s\000\040\000E\000q\000u\000a\000t\000i\000o\000n}{}% 35
\BOOKMARK [1][-]{section.6.1}{\376\377\000A\000\040\000f\000i\000n\000i\000t\000e\000\040\000s\000u\000b\000g\000r\000o\000u\000p\000\040\000o\000f\000\040\000`\0003\003\001\0009\000`\0004\0002\000`\000"\003\007\0006\0001\0003\000A\000`\000`\0004\0005\000`\0004\0007\000`\000"\0006\0000\0003\000A\000S\000L\0002\000\050\000F\000\051}{chapter.6}% 36
\BOOKMARK [1][-]{section.6.2}{\376\377\000M\000a\000x\000i\000m\000a\000l\000\040\000A\000b\000e\000l\000i\000a\000n\000\040\000S\000u\000b\000g\000r\000o\000u\000p\000s}{chapter.6}% 37
\BOOKMARK [1][-]{section.6.3}{\376\377\000C\000o\000n\000j\000u\000g\000a\000c\000y\000\040\000o\000f\000\040\000M\000a\000x\000i\000m\000a\000l\000\040\000A\000b\000e\000l\000i\000a\000n\000\040\000S\000u\000b\000g\000r\000o\000u\000p\000s}{chapter.6}% 38
\BOOKMARK [1][-]{section.6.4}{\376\377\000C\000o\000n\000s\000t\000r\000u\000c\000t\000i\000n\000g\000\040\000T\000h\000e\000\040\000C\000l\000a\000s\000s\000\040\000E\000q\000u\000a\000t\000i\000o\000n}{chapter.6}% 39
\BOOKMARK [0][-]{chapter.7}{\376\377\000D\000i\000c\000k\000s\000o\000n\000'\000s\000\040\000C\000l\000a\000s\000s\000i\000f\000i\000c\000a\000t\000i\000o\000n\000\040\000T\000h\000e\000o\000r\000e\000m\000\040\000f\000o\000r\000\040\000f\000i\000n\000i\000t\000e\000\040\000s\000u\000b\000g\000r\000o\000u\000p\000s\000\040\000o\000f\000\040\000`\0003\003\001\0009\000`\0004\0002\000`\000"\003\007\0006\0001\0003\000A\000`\000`\0004\0005\000`\0004\0007\000`\000"\0006\0000\0003\000A\000S\000L\0002\000\050\000F\000\051}{}% 40
\BOOKMARK [1][-]{section.7.1}{\376\377\000F\000i\000v\000e\000\040\000L\000e\000m\000m\000a\000s}{chapter.7}% 41
\BOOKMARK [1][-]{section.7.2}{\376\377\000T\000h\000e\000\040\000S\000i\000x\000\040\000C\000a\000s\000e\000s}{chapter.7}% 42
\BOOKMARK [1][-]{section.7.3}{\376\377\000D\000i\000c\000k\000s\000o\000n\000'\000s\000\040\000C\000l\000a\000s\000s\000i\000f\000i\000c\000a\000t\000i\000o\000n\000\040\000T\000h\000e\000o\000r\000e\000m}{chapter.7}% 43
\BOOKMARK [1][-]{section.7.4}{\376\377\000C\000l\000a\000s\000s\000i\000f\000i\000c\000a\000t\000i\000o\000n\000\040\000o\000f\000\040\000f\000i\000n\000i\000t\000e\000\040\000s\000u\000b\000g\000r\000o\000u\000p\000s\000\040\000o\000f\000\040\000`\0003\003\001\0009\000`\0004\0002\000`\000"\003\007\0006\0001\0003\000A\000`\000`\0004\0005\000`\0004\0007\000`\000"\0006\0000\0003\000A\000P\000G\000L\0002\000\050\000p\000\051}{chapter.7}% 44
